<?xml version='1.0' encoding='UTF-8'?>
<testsuite hostname="Stephane-Tankoua" name="example.HelloSpec" tests="3" errors="0" failures="0" skipped="0" time="0.012" timestamp="2023-06-21T01:31:09">
          <properties>
[...]
</properties>
          <testcase classname="example.HelloSpec" name="The Hello object should say hello" time="0.011">
                      
                    </testcase><testcase classname="example.HelloSpec" name="Hello size is equals to 5" time="0.001">
                      
                    </testcase><testcase classname="example.HelloSpec" name="&quot;Hello&quot;(6) should throw a &quot;java.lang.StringIndexOutOfBoundsException&quot;" time="0.0">
                      
                    </testcase>
          <system-out><![CDATA[]]></system-out>
          <system-err><![CDATA[]]></system-err>
        </testsuite>